<?xml version="1.0" encoding="UTF-8"?>
<!-- Generated by org.testng.reporters.JUnitReportReporter -->
<testsuite hostname="DESKTOP-J7DNQ9P" failures="0" tests="1" name="PB_Testcases.PB_Register_001" time="7.385" errors="0" timestamp="2024-05-06T15:23:57 IST" skipped="0">
  <testcase classname="PB_Testcases.PB_Register_001" name="RegisterTest" time="7.385"/>
</testsuite> <!-- PB_Testcases.PB_Register_001 -->
